00000000000i[      ] Bochs x86 Emulator 2.6.8
00000000000i[      ]   Built from SVN snapshot on May 3, 2015
00000000000i[      ] Compiled on Nov 28 2024 at 12:15:13
00000000000i[      ] System configuration
00000000000i[      ]   processors: 1 (cores=1, HT threads=1)
00000000000i[      ]   A20 line support: yes
00000000000i[      ] IPS is set to 4000000
00000000000i[      ] CPU configuration
00000000000i[      ]   SMP support: yes, quantum=16
00000000000i[      ]   level: 6
00000000000i[      ]   APIC support: xapic
00000000000i[      ]   FPU support: yes
00000000000i[      ]   MMX support: yes
00000000000i[      ]   3dnow! support: yes
00000000000i[      ]   SEP support: yes
00000000000i[      ]   SIMD support: sse2
00000000000i[      ]   XSAVE support: no 
00000000000i[      ]   AES support: no
00000000000i[      ]   SHA support: no
00000000000i[      ]   MOVBE support: no
00000000000i[      ]   ADX support: no
00000000000i[      ]   x86-64 support: yes
00000000000i[      ]   1G paging support: no
00000000000i[      ]   MWAIT support: yes
00000000000i[      ]   VMX support: 1
00000000000i[      ]   SVM support: no
00000000000i[      ] Optimization configuration
00000000000i[      ]   RepeatSpeedups support: yes
00000000000i[      ]   Fast function calls: yes
00000000000i[      ]   Handlers Chaining speedups: no
00000000000i[      ] Devices configuration
00000000000i[      ]   NE2000 support: no
00000000000i[      ]   PCI support: yes, enabled=yes
00000000000i[      ]   SB16 support: no
00000000000i[      ]   USB support: no
00000000000i[      ]   VGA extension support: vbe voodoo
00000000000i[MEM0  ] allocated memory at 0x7a90fbc00010. after alignment, vector=0x7a90fbc01000
00000000000i[MEM0  ] 64.00MB
00000000000i[MEM0  ] mem block size = 0x00100000, blocks=64
00000000000i[MEM0  ] rom at 0xfffe0000/131072 ('/home/dong/Documents/github/Bochs/build/share/bochs/BIOS-bochs-latest')
00000000000i[      ] lt_dlhandle is 0x5dd49af0e670
00000000000i[PLUGIN] loaded plugin libbx_hdimage.so
00000000000i[      ] lt_dlhandle is 0x5dd49b246c40
00000000000i[PLUGIN] loaded plugin libbx_pci.so
00000000000i[      ] lt_dlhandle is 0x5dd49b0555f0
00000000000i[PLUGIN] loaded plugin libbx_pci2isa.so
00000000000i[      ] lt_dlhandle is 0x5dd49b055880
00000000000i[PLUGIN] loaded plugin libbx_acpi.so
00000000000i[      ] lt_dlhandle is 0x5dd49b1f7c20
00000000000i[PLUGIN] loaded plugin libbx_cmos.so
00000000000i[      ] lt_dlhandle is 0x5dd49b1cab80
00000000000i[PLUGIN] loaded plugin libbx_dma.so
00000000000i[      ] lt_dlhandle is 0x5dd49b1cb380
00000000000i[PLUGIN] loaded plugin libbx_pic.so
00000000000i[      ] lt_dlhandle is 0x5dd49b246870
00000000000i[PLUGIN] loaded plugin libbx_pit.so
00000000000i[      ] lt_dlhandle is 0x5dd49b1cc1b0
00000000000i[PLUGIN] loaded plugin libbx_vga.so
00000000000i[      ] lt_dlhandle is 0x5dd49b1cca50
00000000000i[PLUGIN] loaded plugin libbx_floppy.so
00000000000i[      ] lt_dlhandle is 0x5dd49b1ccab0
00000000000i[PLUGIN] loaded plugin libbx_ioapic.so
00000000000i[      ] lt_dlhandle is 0x5dd49b1cd760
00000000000i[PLUGIN] loaded plugin libbx_keyboard.so
00000000000i[      ] lt_dlhandle is 0x5dd49b083af0
00000000000i[PLUGIN] loaded plugin libbx_harddrv.so
00000000000i[      ] lt_dlhandle is 0x5dd49b0843b0
00000000000i[PLUGIN] loaded plugin libbx_pci_ide.so
00000000000i[PLUGIN] init_dev of 'pci' plugin device by virtual method
00000000000i[DEV   ] i440FX PMC present at device 0, function 0
00000000000i[PLUGIN] init_dev of 'pci2isa' plugin device by virtual method
00000000000i[DEV   ] PIIX3 PCI-to-ISA bridge present at device 1, function 0
00000000000i[PLUGIN] init_dev of 'cmos' plugin device by virtual method
00000000000i[CMOS  ] Using local time for initial clock
00000000000i[CMOS  ] Setting initial clock to: Sat Dec  7 16:55:20 2024 (time0=1733561720)
00000000000i[PLUGIN] init_dev of 'dma' plugin device by virtual method
00000000000i[DMA   ] channel 4 used by cascade
00000000000i[PLUGIN] init_dev of 'pic' plugin device by virtual method
00000000000i[PLUGIN] init_dev of 'pit' plugin device by virtual method
00000000000i[PLUGIN] init_dev of 'vga' plugin device by virtual method
00000000000i[MEM0  ] Register memory access handlers: 0x0000000a0000 - 0x0000000bffff
00000000000i[VGA   ] interval=200000, mode=realtime
00000000000i[MEM0  ] Register memory access handlers: 0x0000e0000000 - 0x0000e0ffffff
00000000000i[BXVGA ] VBE Bochs Display Extension Enabled
00000000000i[MEM0  ] rom at 0xc0000/41472 ('/home/dong/Documents/github/Bochs/build/share/bochs/VGABIOS-lgpl-latest')
00000000000i[PLUGIN] init_dev of 'floppy' plugin device by virtual method
00000000000i[DMA   ] channel 2 used by Floppy Drive
00000000000i[PLUGIN] init_dev of 'acpi' plugin device by virtual method
00000000000i[DEV   ] ACPI Controller present at device 1, function 3
00000000000i[PLUGIN] init_dev of 'ioapic' plugin device by virtual method
00000000000i[IOAPIC] initializing I/O APIC
00000000000i[MEM0  ] Register memory access handlers: 0x0000fec00000 - 0x0000fec00fff
00000000000i[IOAPIC] IOAPIC enabled (base address = 0xfec00000)
00000000000i[PLUGIN] init_dev of 'keyboard' plugin device by virtual method
00000000000i[KBD   ] will paste characters every 400 keyboard ticks
00000000000i[PLUGIN] init_dev of 'harddrv' plugin device by virtual method
00000000000i[HD    ] HD on ata0-0: 'hello-os.img', 'flat' mode
00000000000i[IMG   ] hd_size: 812
00000000000p[IMG   ] >>PANIC<< size of disk image must be multiple of 512 bytes
00000000000i[HD    ] ata0-0: autodetect geometry: CHS=0/16/63
00000000000i[HD    ] ata0-0: extra data outside of CHS address range
00000000000i[HD    ] translation on ata0-0 set to 'none'
00000000000i[HD    ] Using boot sequence disk, none, none
00000000000i[HD    ] Floppy boot signature check is enabled
00000000000i[PLUGIN] init_dev of 'pci_ide' plugin device by virtual method
00000000000i[DEV   ] PIIX3 PCI IDE controller present at device 1, function 1
00000000000i[PLUGIN] init_dev of 'unmapped' plugin device by virtual method
00000000000i[PLUGIN] init_dev of 'biosdev' plugin device by virtual method
00000000000i[PLUGIN] init_dev of 'speaker' plugin device by virtual method
00000000000i[PCSPK ] Using /dev/console for output
00000000000i[PLUGIN] init_dev of 'extfpuirq' plugin device by virtual method
00000000000i[PLUGIN] init_dev of 'parallel' plugin device by virtual method
00000000000i[PAR   ] parallel port 1 at 0x0378 irq 7
00000000000i[PLUGIN] init_dev of 'serial' plugin device by virtual method
00000000000i[SER   ] com1 at 0x03f8 irq 4 (mode: null)
00000000000i[PLUGIN] init_dev of 'iodebug' plugin device by virtual method
00000000000i[PLUGIN] register state of 'pci' plugin device by virtual method
00000000000i[PLUGIN] register state of 'pci2isa' plugin device by virtual method
00000000000i[PLUGIN] register state of 'cmos' plugin device by virtual method
00000000000i[PLUGIN] register state of 'dma' plugin device by virtual method
00000000000i[PLUGIN] register state of 'pic' plugin device by virtual method
00000000000i[PLUGIN] register state of 'pit' plugin device by virtual method
00000000000i[PLUGIN] register state of 'vga' plugin device by virtual method
00000000000i[PLUGIN] register state of 'floppy' plugin device by virtual method
00000000000i[PLUGIN] register state of 'unmapped' plugin device by virtual method
00000000000i[PLUGIN] register state of 'biosdev' plugin device by virtual method
00000000000i[PLUGIN] register state of 'speaker' plugin device by virtual method
00000000000i[PLUGIN] register state of 'extfpuirq' plugin device by virtual method
00000000000i[PLUGIN] register state of 'parallel' plugin device by virtual method
00000000000i[PLUGIN] register state of 'serial' plugin device by virtual method
00000000000i[PLUGIN] register state of 'iodebug' plugin device by virtual method
00000000000i[PLUGIN] register state of 'acpi' plugin device by virtual method
00000000000i[PLUGIN] register state of 'ioapic' plugin device by virtual method
00000000000i[PLUGIN] register state of 'keyboard' plugin device by virtual method
00000000000i[PLUGIN] register state of 'harddrv' plugin device by virtual method
00000000000i[PLUGIN] register state of 'pci_ide' plugin device by virtual method
00000000000i[SYS   ] bx_pc_system_c::Reset(HARDWARE) called
00000000000i[CPU0  ] cpu hardware reset
00000000000i[APIC0 ] allocate APIC id=0 (MMIO enabled) to 0x0000fee00000
00000000000i[CPU0  ] CPU[0] is the bootstrap processor
00000000000i[CPU0  ] CPUID[0x00000000]: 00000005 68747541 444d4163 69746e65
00000000000i[CPU0  ] CPUID[0x00000001]: 00000633 00010800 00002028 17cbfbff
00000000000i[CPU0  ] CPUID[0x00000002]: 00000000 00000000 00000000 00000000
00000000000i[CPU0  ] CPUID[0x00000003]: 00000000 00000000 00000000 00000000
00000000000i[CPU0  ] CPUID[0x00000004]: 00000000 00000000 00000000 00000000
00000000000i[CPU0  ] CPUID[0x00000005]: 00000040 00000040 00000003 00000020
00000000000i[PLUGIN] reset of 'pci' plugin device by virtual method
00000000000i[PLUGIN] reset of 'pci2isa' plugin device by virtual method
00000000000i[PLUGIN] reset of 'cmos' plugin device by virtual method
00000000000i[PLUGIN] reset of 'dma' plugin device by virtual method
00000000000i[PLUGIN] reset of 'pic' plugin device by virtual method
00000000000i[PLUGIN] reset of 'pit' plugin device by virtual method
00000000000i[PLUGIN] reset of 'vga' plugin device by virtual method
00000000000i[PLUGIN] reset of 'floppy' plugin device by virtual method
00000000000i[PLUGIN] reset of 'acpi' plugin device by virtual method
00000000000i[PLUGIN] reset of 'ioapic' plugin device by virtual method
00000000000i[PLUGIN] reset of 'keyboard' plugin device by virtual method
00000000000i[PLUGIN] reset of 'harddrv' plugin device by virtual method
00000000000i[PLUGIN] reset of 'pci_ide' plugin device by virtual method
00000000000i[PLUGIN] reset of 'unmapped' plugin device by virtual method
00000000000i[PLUGIN] reset of 'biosdev' plugin device by virtual method
00000000000i[PLUGIN] reset of 'speaker' plugin device by virtual method
00000000000i[PLUGIN] reset of 'extfpuirq' plugin device by virtual method
00000000000i[PLUGIN] reset of 'parallel' plugin device by virtual method
00000000000i[PLUGIN] reset of 'serial' plugin device by virtual method
00000000000i[PLUGIN] reset of 'iodebug' plugin device by virtual method
00000000000i[      ] set SIGINT handler to bx_debug_ctrlc_handler
00000004661i[BIOS  ] $Revision: 12579 $ $Date: 2014-12-26 11:31:39 +0100 (Fr, 26. Dez 2014) $
00000321073i[KBD   ] reset-disable command received
00000323804i[BIOS  ] Starting rombios32
00000324242i[BIOS  ] Shutdown flag 0
00000324825i[BIOS  ] ram_size=0x04000000
00000325246i[BIOS  ] ram_end=64MB
00000365766i[BIOS  ] Found 1 cpu(s)
00000379970i[BIOS  ] bios_table_addr: 0x000fa498 end=0x000fcc00
00000707765i[PCI   ] i440FX PMC write to PAM register 59 (TLB Flush)
00001035694i[P2ISA ] PCI IRQ routing: PIRQA# set to 0x0b
00001035713i[P2ISA ] PCI IRQ routing: PIRQB# set to 0x09
00001035732i[P2ISA ] PCI IRQ routing: PIRQC# set to 0x0b
00001035751i[P2ISA ] PCI IRQ routing: PIRQD# set to 0x09
00001035761i[P2ISA ] write: ELCR2 = 0x0a
00001036531i[BIOS  ] PIIX3/PIIX4 init: elcr=00 0a
00001044212i[BIOS  ] PCI: bus=0 devfn=0x00: vendor_id=0x8086 device_id=0x1237 class=0x0600
00001046491i[BIOS  ] PCI: bus=0 devfn=0x08: vendor_id=0x8086 device_id=0x7000 class=0x0601
00001048609i[BIOS  ] PCI: bus=0 devfn=0x09: vendor_id=0x8086 device_id=0x7010 class=0x0101
00001048834i[PIDE  ] new BM-DMA address: 0xc000
00001049450i[BIOS  ] region 4: 0x0000c000
00001051484i[BIOS  ] PCI: bus=0 devfn=0x0b: vendor_id=0x8086 device_id=0x7113 class=0x0680
00001051716i[ACPI  ] new irq line = 11
00001051728i[ACPI  ] new irq line = 9
00001051753i[ACPI  ] new PM base address: 0xb000
00001051767i[ACPI  ] new SM base address: 0xb100
00001051795i[PCI   ] setting SMRAM control register to 0x4a
00001215888i[CPU0  ] Enter to System Management Mode
00001215888i[CPU0  ] enter_system_management_mode: temporary disable VMX while in SMM mode
00001215898i[CPU0  ] RSM: Resuming from System Management Mode
00001379919i[PCI   ] setting SMRAM control register to 0x0a
00001394785i[BIOS  ] MP table addr=0x000fa570 MPC table addr=0x000fa4a0 size=0xc8
00001396607i[BIOS  ] SMBIOS table addr=0x000fa580
00001398788i[BIOS  ] ACPI tables: RSDP addr=0x000fa6a0 ACPI DATA addr=0x03ff0000 size=0xf72
00001402000i[BIOS  ] Firmware waking vector 0x3ff00cc
00001403795i[PCI   ] i440FX PMC write to PAM register 59 (TLB Flush)
00001404518i[BIOS  ] bios_table_cur_addr: 0x000fa6c4
00001532135i[VBIOS ] VGABios $Id: vgabios.c,v 1.76 2013/02/10 08:07:03 vruppert Exp $
00001532206i[BXVGA ] VBE known Display Interface b0c0
00001532238i[BXVGA ] VBE known Display Interface b0c5
00001535163i[VBIOS ] VBE Bios $Id: vbe.c,v 1.65 2014/07/08 18:02:25 vruppert Exp $
00001879336i[BIOS  ] ata0-0: PCHS=0/16/63 translation=none LCHS=0/16/63
00005756510i[BIOS  ] IDE time out
00017826398i[BIOS  ] int13_harddisk: function 02, parameters out of range 0000/0000/0001!
00017880165p[BIOS  ] >>PANIC<< No bootable device.
00017881480i[CPU0  ] WARNING: HLT instruction with IF=0!
207416772000p[SDL2  ] >>PANIC<< User requested shutdown.
207416772000i[CPU0  ] CPU is in real mode (halted)
207416772000i[CPU0  ] CS.mode = 16 bit
207416772000i[CPU0  ] SS.mode = 16 bit
207416772000i[CPU0  ] EFER   = 0x00000000
207416772000i[CPU0  ] | EAX=00000e01  EBX=0000cd25  ECX=00090004  EDX=00000002
207416772000i[CPU0  ] | ESP=0000ffbe  EBP=0000ffd2  ESI=000e0000  EDI=0000ffac
207416772000i[CPU0  ] | IOPL=0 id vip vif ac vm rf nt of df if tf sf zf af pf cf
207416772000i[CPU0  ] | SEG sltr(index|ti|rpl)     base    limit G D
207416772000i[CPU0  ] |  CS:f000( 0004| 0|  0) 000f0000 0000ffff 0 0
207416772000i[CPU0  ] |  DS:f000( 0005| 0|  0) 000f0000 0000ffff 0 0
207416772000i[CPU0  ] |  SS:0000( 0005| 0|  0) 00000000 0000ffff 0 0
207416772000i[CPU0  ] |  ES:07c0( 0005| 0|  0) 00007c00 0000ffff 0 0
207416772000i[CPU0  ] |  FS:0000( 0005| 0|  0) 00000000 0000ffff 0 0
207416772000i[CPU0  ] |  GS:0000( 0005| 0|  0) 00000000 0000ffff 0 0
207416772000i[CPU0  ] | EIP=00000cb2 (00000cb2)
207416772000i[CPU0  ] | CR0=0x60000010 CR2=0x00000000
207416772000i[CPU0  ] | CR3=0x00000000 CR4=0x00000000
207416772000i[CMOS  ] Last time is 1733613574 (Sun Dec  8 07:19:34 2024)
207416772000i[SIM   ] quit_sim called with exit code 1
